# JRE version: Java(TM) SE Runtime Environment (8.0_181-b13) (build 1.8.0_181-b13)
# Java VM: Java HotSpot(TM) 64-Bit Server VM (25.181-b13 mixed mode linux-amd64 compressed oops)
Heap:
 PSYoungGen      total 29184K, used 1568K [0x00000000edd00000, 0x00000000efc80000, 0x0000000100000000)
  eden space 26112K, 0% used [0x00000000edd00000,0x00000000edd00000,0x00000000ef680000)
  from space 3072K, 51% used [0x00000000ef680000,0x00000000ef808000,0x00000000ef980000)
  to   space 3072K, 0% used [0x00000000ef980000,0x00000000ef980000,0x00000000efc80000)
 ParOldGen       total 75264K, used 32319K [0x00000000c9600000, 0x00000000cdf80000, 0x00000000edd00000)
  object space 75264K, 42% used [0x00000000c9600000,0x00000000cb58fc10,0x00000000cdf80000)
 Metaspace       used 64588K, capacity 67186K, committed 72752K, reserved 1114112K
  class space    used 7474K, capacity 7951K, committed 8752K, reserved 1048576K
GC Heap History (10 events):
Event: 5910.163 GC heap after
Heap after GC invocations=2853 (full 12):
 PSYoungGen      total 24576K, used 1856K [0x00000000edd00000, 0x00000000ef900000, 0x0000000100000000)
  eden space 20992K, 0% used [0x00000000edd00000,0x00000000edd00000,0x00000000ef180000)
  from space 3584K, 51% used [0x00000000ef180000,0x00000000ef350000,0x00000000ef500000)
  to   space 3584K, 0% used [0x00000000ef580000,0x00000000ef580000,0x00000000ef900000)
 ParOldGen       total 75264K, used 55560K [0x00000000c9600000, 0x00000000cdf80000, 0x00000000edd00000)
  object space 75264K, 73% used [0x00000000c9600000,0x00000000ccc42138,0x00000000cdf80000)
 Metaspace       used 69117K, capacity 72190K, committed 72752K, reserved 1114112K
  class space    used 7996K, capacity 8620K, committed 8752K, reserved 1048576K
}
Event: 5910.163 GC heap before
{Heap before GC invocations=2854 (full 13):
 PSYoungGen      total 24576K, used 1856K [0x00000000edd00000, 0x00000000ef900000, 0x0000000100000000)
  eden space 20992K, 0% used [0x00000000edd00000,0x00000000edd00000,0x00000000ef180000)
  from space 3584K, 51% used [0x00000000ef180000,0x00000000ef350000,0x00000000ef500000)
  to   space 3584K, 0% used [0x00000000ef580000,0x00000000ef580000,0x00000000ef900000)
 ParOldGen       total 75264K, used 55560K [0x00000000c9600000, 0x00000000cdf80000, 0x00000000edd00000)
  object space 75264K, 73% used [0x00000000c9600000,0x00000000ccc42138,0x00000000cdf80000)
 Metaspace       used 69117K, capacity 72190K, committed 72752K, reserved 1114112K
  class space    used 7996K, capacity 8620K, committed 8752K, reserved 1048576K
Event: 5910.765 GC heap after
Heap after GC invocations=2854 (full 13):
 PSYoungGen      total 24576K, used 0K [0x00000000edd00000, 0x00000000ef900000, 0x0000000100000000)
  eden space 20992K, 0% used [0x00000000edd00000,0x00000000edd00000,0x00000000ef180000)
  from space 3584K, 0% used [0x00000000ef180000,0x00000000ef180000,0x00000000ef500000)
  to   space 3584K, 0% used [0x00000000ef580000,0x00000000ef580000,0x00000000ef900000)
 ParOldGen       total 75264K, used 32311K [0x00000000c9600000, 0x00000000cdf80000, 0x00000000edd00000)
  object space 75264K, 42% used [0x00000000c9600000,0x00000000cb58dc10,0x00000000cdf80000)
 Metaspace       used 64570K, capacity 67146K, committed 72752K, reserved 1114112K
  class space    used 7470K, capacity 7945K, committed 8752K, reserved 1048576K
}
Event: 5911.385 GC heap before
{Heap before GC invocations=2855 (full 13):
 PSYoungGen      total 24576K, used 20992K [0x00000000edd00000, 0x00000000ef900000, 0x0000000100000000)
  eden space 20992K, 100% used [0x00000000edd00000,0x00000000ef180000,0x00000000ef180000)
  from space 3584K, 0% used [0x00000000ef180000,0x00000000ef180000,0x00000000ef500000)
  to   space 3584K, 0% used [0x00000000ef580000,0x00000000ef580000,0x00000000ef900000)
 ParOldGen       total 75264K, used 32311K [0x00000000c9600000, 0x00000000cdf80000, 0x00000000edd00000)
  object space 75264K, 42% used [0x00000000c9600000,0x00000000cb58dc10,0x00000000cdf80000)
 Metaspace       used 64575K, capacity 67156K, committed 72752K, reserved 1114112K
  class space    used 7471K, capacity 7946K, committed 8752K, reserved 1048576K
Event: 5911.393 GC heap after
Heap after GC invocations=2855 (full 13):
 PSYoungGen      total 25600K, used 960K [0x00000000edd00000, 0x00000000efa00000, 0x0000000100000000)
  eden space 22016K, 0% used [0x00000000edd00000,0x00000000edd00000,0x00000000ef280000)
  from space 3584K, 26% used [0x00000000ef580000,0x00000000ef670000,0x00000000ef900000)
  to   space 3072K, 0% used [0x00000000ef280000,0x00000000ef280000,0x00000000ef580000)
 ParOldGen       total 75264K, used 32319K [0x00000000c9600000, 0x00000000cdf80000, 0x00000000edd00000)
  object space 75264K, 42% used [0x00000000c9600000,0x00000000cb58fc10,0x00000000cdf80000)
 Metaspace       used 64575K, capacity 67156K, committed 72752K, reserved 1114112K
  class space    used 7471K, capacity 7946K, committed 8752K, reserved 1048576K
}
Event: 5914.065 GC heap before
{Heap before GC invocations=2856 (full 13):
 PSYoungGen      total 25600K, used 22976K [0x00000000edd00000, 0x00000000efa00000, 0x0000000100000000)
  eden space 22016K, 100% used [0x00000000edd00000,0x00000000ef280000,0x00000000ef280000)
  from space 3584K, 26% used [0x00000000ef580000,0x00000000ef670000,0x00000000ef900000)
  to   space 3072K, 0% used [0x00000000ef280000,0x00000000ef280000,0x00000000ef580000)
 ParOldGen       total 75264K, used 32319K [0x00000000c9600000, 0x00000000cdf80000, 0x00000000edd00000)
  object space 75264K, 42% used [0x00000000c9600000,0x00000000cb58fc10,0x00000000cdf80000)
 Metaspace       used 64586K, capacity 67180K, committed 72752K, reserved 1114112K
  class space    used 7473K, capacity 7950K, committed 8752K, reserved 1048576K
Event: 5915.430 GC heap after
Heap after GC invocations=2856 (full 13):
 PSYoungGen      total 25088K, used 1184K [0x00000000edd00000, 0x00000000efc80000, 0x0000000100000000)
  eden space 22016K, 0% used [0x00000000edd00000,0x00000000edd00000,0x00000000ef280000)
  from space 3072K, 38% used [0x00000000ef280000,0x00000000ef3a8000,0x00000000ef580000)
  to   space 3072K, 0% used [0x00000000ef980000,0x00000000ef980000,0x00000000efc80000)
 ParOldGen       total 75264K, used 32319K [0x00000000c9600000, 0x00000000cdf80000, 0x00000000edd00000)
  object space 75264K, 42% used [0x00000000c9600000,0x00000000cb58fc10,0x00000000cdf80000)
 Metaspace       used 64586K, capacity 67180K, committed 72752K, reserved 1114112K
  class space    used 7473K, capacity 7950K, committed 8752K, reserved 1048576K
}
Event: 5920.800 GC heap before
{Heap before GC invocations=2857 (full 13):
 PSYoungGen      total 25088K, used 23200K [0x00000000edd00000, 0x00000000efc80000, 0x0000000100000000)
  eden space 22016K, 100% used [0x00000000edd00000,0x00000000ef280000,0x00000000ef280000)
  from space 3072K, 38% used [0x00000000ef280000,0x00000000ef3a8000,0x00000000ef580000)
  to   space 3072K, 0% used [0x00000000ef980000,0x00000000ef980000,0x00000000efc80000)
 ParOldGen       total 75264K, used 32319K [0x00000000c9600000, 0x00000000cdf80000, 0x00000000edd00000)
  object space 75264K, 42% used [0x00000000c9600000,0x00000000cb58fc10,0x00000000cdf80000)
 Metaspace       used 64586K, capacity 67180K, committed 72752K, reserved 1114112K
  class space    used 7473K, capacity 7950K, committed 8752K, reserved 1048576K
Event: 5920.818 GC heap after
Heap after GC invocations=2857 (full 13):
 PSYoungGen      total 29184K, used 1072K [0x00000000edd00000, 0x00000000efc80000, 0x0000000100000000)
  eden space 26112K, 0% used [0x00000000edd00000,0x00000000edd00000,0x00000000ef680000)
  from space 3072K, 34% used [0x00000000ef980000,0x00000000efa8c0d0,0x00000000efc80000)
  to   space 3072K, 0% used [0x00000000ef680000,0x00000000ef680000,0x00000000ef980000)
 ParOldGen       total 75264K, used 32319K [0x00000000c9600000, 0x00000000cdf80000, 0x00000000edd00000)
  object space 75264K, 42% used [0x00000000c9600000,0x00000000cb58fc10,0x00000000cdf80000)
 Metaspace       used 64586K, capacity 67180K, committed 72752K, reserved 1114112K
  class space    used 7473K, capacity 7950K, committed 8752K, reserved 1048576K
}
Event: 5924.412 GC heap before
{Heap before GC invocations=2858 (full 13):
 PSYoungGen      total 29184K, used 27184K [0x00000000edd00000, 0x00000000efc80000, 0x0000000100000000)
  eden space 26112K, 100% used [0x00000000edd00000,0x00000000ef680000,0x00000000ef680000)
  from space 3072K, 34% used [0x00000000ef980000,0x00000000efa8c0d0,0x00000000efc80000)
  to   space 3072K, 0% used [0x00000000ef680000,0x00000000ef680000,0x00000000ef980000)
 ParOldGen       total 75264K, used 32319K [0x00000000c9600000, 0x00000000cdf80000, 0x00000000edd00000)
  object space 75264K, 42% used [0x00000000c9600000,0x00000000cb58fc10,0x00000000cdf80000)
 Metaspace       used 64588K, capacity 67186K, committed 72752K, reserved 1114112K
  class space    used 7474K, capacity 7951K, committed 8752K, reserved 1048576K

