# JRE version: Java(TM) SE Runtime Environment (8.0_181-b13) (build 1.8.0_181-b13)
# Java VM: Java HotSpot(TM) 64-Bit Server VM (25.181-b13 mixed mode linux-amd64 compressed oops)
Heap:
 PSYoungGen      total 220672K, used 7042K [0x00000000edd00000, 0x00000000fc280000, 0x0000000100000000)
  eden space 209920K, 0% used [0x00000000edd00000,0x00000000edd00000,0x00000000faa00000)
  from space 10752K, 65% used [0x00000000faa00000,0x00000000fb0e0ab0,0x00000000fb480000)
  to   space 10752K, 0% used [0x00000000fb480000,0x00000000fb480000,0x00000000fbf00000)
 ParOldGen       total 47104K, used 31816K [0x00000000c9600000, 0x00000000cc400000, 0x00000000edd00000)
  object space 47104K, 67% used [0x00000000c9600000,0x00000000cb512208,0x00000000cc400000)
 Metaspace       used 48958K, capacity 50926K, committed 51072K, reserved 1093632K
  class space    used 6102K, capacity 6455K, committed 6528K, reserved 1048576K
GC Heap History (10 events):
Event: 9.364 GC heap after
Heap after GC invocations=14 (full 1):
 PSYoungGen      total 128512K, used 2599K [0x00000000edd00000, 0x00000000f9380000, 0x0000000100000000)
  eden space 120320K, 0% used [0x00000000edd00000,0x00000000edd00000,0x00000000f5280000)
  from space 8192K, 31% used [0x00000000f5280000,0x00000000f5509ef0,0x00000000f5a80000)
  to   space 8192K, 0% used [0x00000000f8b80000,0x00000000f8b80000,0x00000000f9380000)
 ParOldGen       total 25600K, used 15148K [0x00000000c9600000, 0x00000000caf00000, 0x00000000edd00000)
  object space 25600K, 59% used [0x00000000c9600000,0x00000000ca4cb380,0x00000000caf00000)
 Metaspace       used 34294K, capacity 35374K, committed 35416K, reserved 1081344K
  class space    used 4338K, capacity 4599K, committed 4608K, reserved 1048576K
}
Event: 9.364 GC heap before
{Heap before GC invocations=15 (full 2):
 PSYoungGen      total 128512K, used 2599K [0x00000000edd00000, 0x00000000f9380000, 0x0000000100000000)
  eden space 120320K, 0% used [0x00000000edd00000,0x00000000edd00000,0x00000000f5280000)
  from space 8192K, 31% used [0x00000000f5280000,0x00000000f5509ef0,0x00000000f5a80000)
  to   space 8192K, 0% used [0x00000000f8b80000,0x00000000f8b80000,0x00000000f9380000)
 ParOldGen       total 25600K, used 15148K [0x00000000c9600000, 0x00000000caf00000, 0x00000000edd00000)
  object space 25600K, 59% used [0x00000000c9600000,0x00000000ca4cb380,0x00000000caf00000)
 Metaspace       used 34294K, capacity 35374K, committed 35416K, reserved 1081344K
  class space    used 4338K, capacity 4599K, committed 4608K, reserved 1048576K
Event: 9.474 GC heap after
Heap after GC invocations=15 (full 2):
 PSYoungGen      total 128512K, used 0K [0x00000000edd00000, 0x00000000f9380000, 0x0000000100000000)
  eden space 120320K, 0% used [0x00000000edd00000,0x00000000edd00000,0x00000000f5280000)
  from space 8192K, 0% used [0x00000000f5280000,0x00000000f5280000,0x00000000f5a80000)
  to   space 8192K, 0% used [0x00000000f8b80000,0x00000000f8b80000,0x00000000f9380000)
 ParOldGen       total 47104K, used 16251K [0x00000000c9600000, 0x00000000cc400000, 0x00000000edd00000)
  object space 47104K, 34% used [0x00000000c9600000,0x00000000ca5dee20,0x00000000cc400000)
 Metaspace       used 34287K, capacity 35362K, committed 35416K, reserved 1081344K
  class space    used 4337K, capacity 4597K, committed 4608K, reserved 1048576K
}
Event: 11.686 GC heap before
{Heap before GC invocations=16 (full 2):
 PSYoungGen      total 128512K, used 120320K [0x00000000edd00000, 0x00000000f9380000, 0x0000000100000000)
  eden space 120320K, 100% used [0x00000000edd00000,0x00000000f5280000,0x00000000f5280000)
  from space 8192K, 0% used [0x00000000f5280000,0x00000000f5280000,0x00000000f5a80000)
  to   space 8192K, 0% used [0x00000000f8b80000,0x00000000f8b80000,0x00000000f9380000)
 ParOldGen       total 47104K, used 16251K [0x00000000c9600000, 0x00000000cc400000, 0x00000000edd00000)
  object space 47104K, 34% used [0x00000000c9600000,0x00000000ca5dee20,0x00000000cc400000)
 Metaspace       used 38927K, capacity 40484K, committed 40704K, reserved 1085440K
  class space    used 4940K, capacity 5252K, committed 5376K, reserved 1048576K
Event: 11.700 GC heap after
Heap after GC invocations=16 (full 2):
 PSYoungGen      total 167424K, used 8181K [0x00000000edd00000, 0x00000000f9380000, 0x0000000100000000)
  eden space 159232K, 0% used [0x00000000edd00000,0x00000000edd00000,0x00000000f7880000)
  from space 8192K, 99% used [0x00000000f8b80000,0x00000000f937d628,0x00000000f9380000)
  to   space 10240K, 0% used [0x00000000f7f80000,0x00000000f7f80000,0x00000000f8980000)
 ParOldGen       total 47104K, used 18727K [0x00000000c9600000, 0x00000000cc400000, 0x00000000edd00000)
  object space 47104K, 39% used [0x00000000c9600000,0x00000000ca849e88,0x00000000cc400000)
 Metaspace       used 38927K, capacity 40484K, committed 40704K, reserved 1085440K
  class space    used 4940K, capacity 5252K, committed 5376K, reserved 1048576K
}
Event: 13.685 GC heap before
{Heap before GC invocations=17 (full 2):
 PSYoungGen      total 167424K, used 167413K [0x00000000edd00000, 0x00000000f9380000, 0x0000000100000000)
  eden space 159232K, 100% used [0x00000000edd00000,0x00000000f7880000,0x00000000f7880000)
  from space 8192K, 99% used [0x00000000f8b80000,0x00000000f937d628,0x00000000f9380000)
  to   space 10240K, 0% used [0x00000000f7f80000,0x00000000f7f80000,0x00000000f8980000)
 ParOldGen       total 47104K, used 18727K [0x00000000c9600000, 0x00000000cc400000, 0x00000000edd00000)
  object space 47104K, 39% used [0x00000000c9600000,0x00000000ca849e88,0x00000000cc400000)
 Metaspace       used 41940K, capacity 43710K, committed 43776K, reserved 1087488K
  class space    used 5282K, capacity 5603K, committed 5632K, reserved 1048576K
Event: 13.717 GC heap after
Heap after GC invocations=17 (full 2):
 PSYoungGen      total 176640K, used 7880K [0x00000000edd00000, 0x00000000fbf00000, 0x0000000100000000)
  eden space 166400K, 0% used [0x00000000edd00000,0x00000000edd00000,0x00000000f7f80000)
  from space 10240K, 76% used [0x00000000f7f80000,0x00000000f87320a8,0x00000000f8980000)
  to   space 10752K, 0% used [0x00000000fb480000,0x00000000fb480000,0x00000000fbf00000)
 ParOldGen       total 47104K, used 26360K [0x00000000c9600000, 0x00000000cc400000, 0x00000000edd00000)
  object space 47104K, 55% used [0x00000000c9600000,0x00000000cafbe1f8,0x00000000cc400000)
 Metaspace       used 41940K, capacity 43710K, committed 43776K, reserved 1087488K
  class space    used 5282K, capacity 5603K, committed 5632K, reserved 1048576K
}
Event: 32.556 GC heap before
{Heap before GC invocations=18 (full 2):
 PSYoungGen      total 176640K, used 174280K [0x00000000edd00000, 0x00000000fbf00000, 0x0000000100000000)
  eden space 166400K, 100% used [0x00000000edd00000,0x00000000f7f80000,0x00000000f7f80000)
  from space 10240K, 76% used [0x00000000f7f80000,0x00000000f87320a8,0x00000000f8980000)
  to   space 10752K, 0% used [0x00000000fb480000,0x00000000fb480000,0x00000000fbf00000)
 ParOldGen       total 47104K, used 26360K [0x00000000c9600000, 0x00000000cc400000, 0x00000000edd00000)
  object space 47104K, 55% used [0x00000000c9600000,0x00000000cafbe1f8,0x00000000cc400000)
 Metaspace       used 45841K, capacity 47862K, committed 48000K, reserved 1091584K
  class space    used 5803K, capacity 6161K, committed 6272K, reserved 1048576K
Event: 32.612 GC heap after
Heap after GC invocations=18 (full 2):
 PSYoungGen      total 220672K, used 6648K [0x00000000edd00000, 0x00000000fc280000, 0x0000000100000000)
  eden space 209920K, 0% used [0x00000000edd00000,0x00000000edd00000,0x00000000faa00000)
  from space 10752K, 61% used [0x00000000fb480000,0x00000000fbafe140,0x00000000fbf00000)
  to   space 10752K, 0% used [0x00000000faa00000,0x00000000faa00000,0x00000000fb480000)
 ParOldGen       total 47104K, used 31808K [0x00000000c9600000, 0x00000000cc400000, 0x00000000edd00000)
  object space 47104K, 67% used [0x00000000c9600000,0x00000000cb510208,0x00000000cc400000)
 Metaspace       used 45841K, capacity 47862K, committed 48000K, reserved 1091584K
  class space    used 5803K, capacity 6161K, committed 6272K, reserved 1048576K
}
Event: 156.571 GC heap before
{Heap before GC invocations=19 (full 2):
 PSYoungGen      total 220672K, used 216568K [0x00000000edd00000, 0x00000000fc280000, 0x0000000100000000)
  eden space 209920K, 100% used [0x00000000edd00000,0x00000000faa00000,0x00000000faa00000)
  from space 10752K, 61% used [0x00000000fb480000,0x00000000fbafe140,0x00000000fbf00000)
  to   space 10752K, 0% used [0x00000000faa00000,0x00000000faa00000,0x00000000fb480000)
 ParOldGen       total 47104K, used 31808K [0x00000000c9600000, 0x00000000cc400000, 0x00000000edd00000)
  object space 47104K, 67% used [0x00000000c9600000,0x00000000cb510208,0x00000000cc400000)
 Metaspace       used 48958K, capacity 50926K, committed 51072K, reserved 1093632K
  class space    used 6102K, capacity 6455K, committed 6528K, reserved 1048576K

